#
# A fatal error has been detected by the Java Runtime Environment:
#
#  SIGSEGV (0xb) at pc=0x0000000115aa720c, pid=671, tid=0x000000000000a303
#
# JRE version: OpenJDK Runtime Environment (8.0_152-b08) (build 1.8.0_152-release-915-b08)
# Java VM: OpenJDK 64-Bit Server VM (25.152-b08 mixed mode bsd-amd64 compressed oops)
# Problematic frame:
# J 1700 C1 java.lang.Class$MethodArray.compactAndTrim()V (69 bytes) @ 0x0000000115aa720c [0x0000000115aa6f00+0x30c]
#
# Failed to write core dump. Core dumps have been disabled. To enable core dumping, try "ulimit -c unlimited" before starting Java again
#
# If you would like to submit a bug report, please visit:
#   http://bugreport.java.com/bugreport/crash.jsp
#

---------------  T H R E A D  ---------------

Current thread (0x00007fd21ab7a000):  JavaThread "Daemon worker" [_thread_in_Java, id=41731, stack(0x00007000032ac000,0x00007000033ac000)]

siginfo: si_signo: 11 (SIGSEGV), si_code: 1 (SEGV_MAPERR), si_addr: 0x0000000000000001

Registers:
RAX=0x0000000000000001, RBX=0x00000000000001c0, RCX=0x000000000000007c, RDX=0x00000007a0691bd8
RSP=0x00007000033a7f40, RBP=0x00007000033a7ff0, RSI=0x00000007a065f970, RDI=0x00000001144ba7e0
R8 =0x0000000000000148, R9 =0x000000000000007c, R10=0x000000010a4027c0, R11=0x0000000115aa6f20
R12=0x0000000000000000, R13=0x00007000033a7fa8, R14=0x0000000000000000, R15=0x00007fd21ab7a000
RIP=0x0000000115aa720c, EFLAGS=0x0000000000010203, ERR=0x0000000000000006
  TRAPNO=0x000000000000000e

Top of Stack: (sp=0x00007000033a7f40)
0x00007000033a7f40:   00007000033a7f40 000000010e53b4cc
0x00007000033a7f50:   00007000033a7fa8 000000010e53bd88
0x00007000033a7f60:   0000000000000000 00000007a065f970
0x00007000033a7f70:   0000000000000000 00007000033a7fa0
0x00007000033a7f80:   00000007a065f970 000000011546bffd
0x00007000033a7f90:   00007000033a7ff0 000000011546bffd
0x00007000033a7fa0:   000000011546bffd 00000007a065f970
0x00007000033a7fb0:   00007000033a7fb0 000000010e2c8e70
0x00007000033a7fc0:   00007000033a8040 000000010e373698
0x00007000033a7fd0:   0000000000000000 000000010e2c8eb8
0x00007000033a7fe0:   00007000033a7fa8 00007000033a8040
0x00007000033a7ff0:   00007000033a8090 000000011546bd80
0x00007000033a8000:   000000076016f5b0 0000000000000003
0x00007000033a8010:   00000007a0691838 0000000700000076
0x00007000033a8020:   00000007a0691e68 00000007a065f970
0x00007000033a8030:   00000007a065f910 0000000000000000
0x00007000033a8040:   0000000760161d90 00000007a065f838
0x00007000033a8050:   00007000033a8050 000000010e2c8dcd
0x00007000033a8060:   00007000033a80e0 000000010e373698
0x00007000033a8070:   0000000000000000 000000010e2c8eb8
0x00007000033a8080:   00007000033a8040 00007000033a80e0
0x00007000033a8090:   00007000033a8128 000000011546bd80
0x00007000033a80a0:   0000000760161d90 0000000000000000
0x00007000033a80b0:   0000000000000008 00000007a065f8e0
0x00007000033a80c0:   00000007a065f838 00000007a063f098
0x00007000033a80d0:   00000007a063f038 0000000000000000
0x00007000033a80e0:   00000007601614e0 00007000033a80e8
0x00007000033a80f0:   000000010e2c7282 00007000033a8138
0x00007000033a8100:   000000010e373698 0000000000000000
0x00007000033a8110:   000000010e2c72a0 00007000033a80e0
0x00007000033a8120:   00007000033a8138 00007000033a8180
0x00007000033a8130:   000000011546bd80 00000007601614e0 

Instructions: (pc=0x0000000115aa720c)
0x0000000115aa71ec:   8d 40 01 48 89 04 1f 0f 84 13 02 00 00 48 89 74
0x0000000115aa71fc:   24 40 48 bf 10 a8 4b 14 01 00 00 00 48 83 c7 d0
0x0000000115aa720c:   01 00 00 01 48 bf 60 48 86 0e 01 00 00 00 8b 9f
0x0000000115aa721c:   dc 00 00 00 83 c3 08 89 9f dc 00 00 00 48 bf a0 

Register to memory mapping:

RAX=0x0000000000000001 is an unknown value
RBX=0x00000000000001c0 is an unknown value
RCX=0x000000000000007c is an unknown value
RDX=0x00000007a0691bd8 is an oop
[Ljava.lang.reflect.Method; 
 - klass: 'java/lang/reflect/Method'[]
 - length: 160
RSP=0x00007000033a7f40 is pointing into the stack for thread: 0x00007fd21ab7a000
RBP=0x00007000033a7ff0 is pointing into the stack for thread: 0x00007fd21ab7a000
RSI=0x00000007a065f970 is an oop
java.lang.Class$MethodArray 
 - klass: 'java/lang/Class$MethodArray'
RDI=0x00000001144ba7e0 is pointing into metadata
R8 =0x0000000000000148 is an unknown value
R9 =0x000000000000007c is an unknown value
R10=0x000000010a4027c0: _ZN19TemplateInterpreter20_invoke_return_entryE+0 in /Applications/Android Studio.app/Contents/jre/jdk/Contents/Home/jre/lib/server/libjvm.dylib at 0x0000000109c00000
R11=0x0000000115aa6f20 is at entry_point+32 in (nmethod*)0x0000000115aa6d50
R12=0x0000000000000000 is an unknown value
R13=0x00007000033a7fa8 is pointing into the stack for thread: 0x00007fd21ab7a000
R14=0x0000000000000000 is an unknown value
R15=0x00007fd21ab7a000 is a thread


Stack: [0x00007000032ac000,0x00007000033ac000],  sp=0x00007000033a7f40,  free space=1007k
Native frames: (J=compiled Java code, j=interpreted, Vv=VM code, C=native code)
J 1700 C1 java.lang.Class$MethodArray.compactAndTrim()V (69 bytes) @ 0x0000000115aa720c [0x0000000115aa6f00+0x30c]
j  java.lang.Class.privateGetPublicMethods()[Ljava/lang/reflect/Method;+248
j  java.lang.Class.privateGetPublicMethods()[Ljava/lang/reflect/Method;+85
j  java.lang.Class.getMethods()[Ljava/lang/reflect/Method;+10
j  org.codehaus.groovy.reflection.stdclasses.CachedSAMClass.getSAMMethodImpl(Ljava/lang/Class;)Ljava/lang/reflect/Method;+20
j  org.codehaus.groovy.reflection.stdclasses.CachedSAMClass.getSAMMethod(Ljava/lang/Class;)Ljava/lang/reflect/Method;+1
j  org.codehaus.groovy.reflection.ClassInfo.isSAM(Ljava/lang/Class;)Z+1
j  org.codehaus.groovy.reflection.ClassInfo.createCachedClass(Ljava/lang/Class;Lorg/codehaus/groovy/reflection/ClassInfo;)Lorg/codehaus/groovy/reflection/CachedClass;+489
j  org.codehaus.groovy.reflection.ClassInfo.access$300(Ljava/lang/Class;Lorg/codehaus/groovy/reflection/ClassInfo;)Lorg/codehaus/groovy/reflection/CachedClass;+2
j  org.codehaus.groovy.reflection.ClassInfo$LazyCachedClassRef.initValue()Lorg/codehaus/groovy/reflection/CachedClass;+17
j  org.codehaus.groovy.reflection.ClassInfo$LazyCachedClassRef.initValue()Ljava/lang/Object;+1
J 1513 C1 org.codehaus.groovy.util.LazyReference.getLocked(Z)Ljava/lang/Object; (85 bytes) @ 0x000000011591d694 [0x000000011591cf00+0x794]
J 1481 C1 org.codehaus.groovy.util.LazyReference.get()Ljava/lang/Object; (44 bytes) @ 0x000000011590add4 [0x000000011590aac0+0x314]
J 1565 C1 org.codehaus.groovy.reflection.ParameterTypes.getParametersTypes0()V (89 bytes) @ 0x0000000115948104 [0x0000000115947340+0xdc4]
J 1582 C1 org.codehaus.groovy.runtime.metaclass.MetaMethodIndex.isMatchingMethod(Lgroovy/lang/MetaMethod;Lgroovy/lang/MetaMethod;)Z (65 bytes) @ 0x000000011594ef2c [0x000000011594ed80+0x1ac]
J 1573 C1 org.codehaus.groovy.runtime.metaclass.MetaMethodIndex.addMethodToList(Ljava/lang/Object;Lgroovy/lang/MetaMethod;)Ljava/lang/Object; (298 bytes) @ 0x0000000115949d34 [0x0000000115949a60+0x2d4]
J 1628 C1 org.codehaus.groovy.runtime.metaclass.MetaMethodIndex.copyNonPrivateMethods(Lorg/codehaus/groovy/runtime/metaclass/MetaMethodIndex$Entry;Lorg/codehaus/groovy/runtime/metaclass/MetaMethodIndex$Header;)V (149 bytes) @ 0x00000001159783f4 [0x00000001159778c0+0xb34]
j  org.codehaus.groovy.runtime.metaclass.MetaMethodIndex.copyNonPrivateMethods(Lorg/codehaus/groovy/runtime/metaclass/MetaMethodIndex$Header;Lorg/codehaus/groovy/runtime/metaclass/MetaMethodIndex$Header;)V+12
j  groovy.lang.MetaClassImpl.populateMethods(Ljava/util/LinkedList;Lorg/codehaus/groovy/reflection/CachedClass;)V+241
j  groovy.lang.MetaClassImpl.fillMethodIndex()V+42
j  groovy.lang.MetaClassImpl.initialize()V+8
j  org.codehaus.groovy.reflection.ClassInfo.getMetaClassUnderLock()Lgroovy/lang/MetaClass;+54
j  org.codehaus.groovy.reflection.ClassInfo.getMetaClass()Lgroovy/lang/MetaClass;+16
j  org.codehaus.groovy.runtime.metaclass.MetaClassRegistryImpl.getMetaClass(Ljava/lang/Class;)Lgroovy/lang/MetaClass;+4
j  org.gradle.invocation.DefaultGradle_Decorated.getMetaClass()Lgroovy/lang/MetaClass;+16
j  org.gradle.internal.metaobject.BeanDynamicObject.getMetaClass()Lgroovy/lang/MetaClass;+17
j  org.gradle.internal.metaobject.BeanDynamicObject.access$400(Lorg/gradle/internal/metaobject/BeanDynamicObject;)Lgroovy/lang/MetaClass;+1
j  org.gradle.internal.metaobject.BeanDynamicObject$MetaClassAdapter.invokeMethod(Ljava/lang/String;[Ljava/lang/Object;)Lorg/gradle/internal/metaobject/DynamicInvokeResult;+4
j  org.gradle.internal.metaobject.BeanDynamicObject.tryInvokeMethod(Ljava/lang/String;[Ljava/lang/Object;)Lorg/gradle/internal/metaobject/DynamicInvokeResult;+6
j  org.gradle.internal.metaobject.CompositeDynamicObject.tryInvokeMethod(Ljava/lang/String;[Ljava/lang/Object;)Lorg/gradle/internal/metaobject/DynamicInvokeResult;+29
j  org.gradle.internal.metaobject.MixInClosurePropertiesAsMethodsDynamicObject.tryInvokeMethod(Ljava/lang/String;[Ljava/lang/Object;)Lorg/gradle/internal/metaobject/DynamicInvokeResult;+3
j  org.gradle.groovy.scripts.BasicScript$ScriptDynamicObject.tryInvokeMethod(Ljava/lang/String;[Ljava/lang/Object;)Lorg/gradle/internal/metaobject/DynamicInvokeResult;+27
j  org.gradle.internal.metaobject.AbstractDynamicObject.invokeMethod(Ljava/lang/String;[Ljava/lang/Object;)Ljava/lang/Object;+3
j  org.gradle.groovy.scripts.BasicScript.invokeMethod(Ljava/lang/String;Ljava/lang/Object;)Ljava/lang/Object;+12
j  org.codehaus.groovy.runtime.callsite.PogoMetaClassSite.callCurrent(Lgroovy/lang/GroovyObject;[Ljava/lang/Object;)Ljava/lang/Object;+71
j  org.codehaus.groovy.runtime.callsite.CallSiteArray.defaultCallCurrent(Lorg/codehaus/groovy/runtime/callsite/CallSite;Lgroovy/lang/GroovyObject;[Ljava/lang/Object;)Ljava/lang/Object;+17
j  org.codehaus.groovy.runtime.callsite.AbstractCallSite.callCurrent(Lgroovy/lang/GroovyObject;[Ljava/lang/Object;)Ljava/lang/Object;+3
j  org.codehaus.groovy.runtime.callsite.AbstractCallSite.callCurrent(Lgroovy/lang/GroovyObject;Ljava/lang/Object;)Ljava/lang/Object;+33
j  sync_local_repo_56a1lx9ndzi8gd6l3ylns0c32.run()Ljava/lang/Object;+18
j  org.gradle.groovy.scripts.internal.DefaultScriptRunnerFactory$ScriptRunnerImpl.run(Ljava/lang/Object;Lorg/gradle/internal/service/ServiceRegistry;)V+57
j  org.gradle.configuration.DefaultScriptPluginFactory$ScriptPluginImpl$2.run()V+12
j  org.gradle.configuration.DefaultScriptTarget.addConfiguration(Ljava/lang/Runnable;Z)V+1
j  org.gradle.configuration.DefaultScriptPluginFactory$ScriptPluginImpl.apply(Ljava/lang/Object;)V+559
j  org.gradle.configuration.BuildOperationScriptPlugin$1.run(Lorg/gradle/internal/operations/BuildOperationContext;)V+11
j  org.gradle.internal.progress.DefaultBuildOperationExecutor$RunnableBuildOperationWorker.execute(Lorg/gradle/internal/operations/RunnableBuildOperation;Lorg/gradle/internal/operations/BuildOperationContext;)V+2
j  org.gradle.internal.progress.DefaultBuildOperationExecutor$RunnableBuildOperationWorker.execute(Lorg/gradle/internal/operations/BuildOperation;Lorg/gradle/internal/operations/BuildOperationContext;)V+6
j  org.gradle.internal.progress.DefaultBuildOperationExecutor.execute(Lorg/gradle/internal/operations/BuildOperation;Lorg/gradle/internal/operations/BuildOperationWorker;Lorg/gradle/internal/progress/DefaultBuildOperationExecutor$DefaultBuildOperationState;)V+177
j  org.gradle.internal.progress.DefaultBuildOperationExecutor.run(Lorg/gradle/internal/operations/RunnableBuildOperation;)V+20
j  org.gradle.configuration.BuildOperationScriptPlugin.apply(Ljava/lang/Object;)V+54
j  org.gradle.configuration.DefaultInitScriptProcessor.process(Lorg/gradle/groovy/scripts/ScriptSource;Lorg/gradle/api/internal/GradleInternal;)V+118
j  org.gradle.initialization.InitScriptHandler$1.run(Lorg/gradle/internal/operations/BuildOperationContext;)V+50
j  org.gradle.internal.progress.DefaultBuildOperationExecutor$RunnableBuildOperationWorker.execute(Lorg/gradle/internal/operations/RunnableBuildOperation;Lorg/gradle/internal/operations/BuildOperationContext;)V+2
j  org.gradle.internal.progress.DefaultBuildOperationExecutor$RunnableBuildOperationWorker.execute(Lorg/gradle/internal/operations/BuildOperation;Lorg/gradle/internal/operations/BuildOperationContext;)V+6
j  org.gradle.internal.progress.DefaultBuildOperationExecutor.execute(Lorg/gradle/internal/operations/BuildOperation;Lorg/gradle/internal/operations/BuildOperationWorker;Lorg/gradle/internal/progress/DefaultBuildOperationExecutor$DefaultBuildOperationState;)V+177
j  org.gradle.internal.progress.DefaultBuildOperationExecutor.run(Lorg/gradle/internal/operations/RunnableBuildOperation;)V+20
j  org.gradle.initialization.InitScriptHandler.executeScripts(Lorg/gradle/api/internal/GradleInternal;)V+34
j  org.gradle.initialization.DefaultGradleLauncher$LoadBuild.run(Lorg/gradle/internal/operations/BuildOperationContext;)V+14
j  org.gradle.internal.progress.DefaultBuildOperationExecutor$RunnableBuildOperationWorker.execute(Lorg/gradle/internal/operations/RunnableBuildOperation;Lorg/gradle/internal/operations/BuildOperationContext;)V+2
j  org.gradle.internal.progress.DefaultBuildOperationExecutor$RunnableBuildOperationWorker.execute(Lorg/gradle/internal/operations/BuildOperation;Lorg/gradle/internal/operations/BuildOperationContext;)V+6
j  org.gradle.internal.progress.DefaultBuildOperationExecutor.execute(Lorg/gradle/internal/operations/BuildOperation;Lorg/gradle/internal/operations/BuildOperationWorker;Lorg/gradle/internal/progress/DefaultBuildOperationExecutor$DefaultBuildOperationState;)V+177
j  org.gradle.internal.progress.DefaultBuildOperationExecutor.run(Lorg/gradle/internal/operations/RunnableBuildOperation;)V+20
j  org.gradle.initialization.DefaultGradleLauncher.loadSettings()V+33
j  org.gradle.initialization.DefaultGradleLauncher.doBuildStages(Lorg/gradle/initialization/DefaultGradleLauncher$Stage;)V+1
j  org.gradle.initialization.DefaultGradleLauncher.executeTasks()Lorg/gradle/api/internal/GradleInternal;+4
j  org.gradle.internal.invocation.GradleBuildController$1.call()Lorg/gradle/api/internal/GradleInternal;+7
j  org.gradle.internal.invocation.GradleBuildController$1.call()Ljava/lang/Object;+1
j  org.gradle.internal.work.DefaultWorkerLeaseService.withLocks(Ljava/lang/Iterable;Ljava/util/concurrent/Callable;)Ljava/lang/Object;+15
j  org.gradle.internal.invocation.GradleBuildController.doBuild(Ljava/util/concurrent/Callable;)Lorg/gradle/api/internal/GradleInternal;+52
j  org.gradle.internal.invocation.GradleBuildController.run()Lorg/gradle/api/internal/GradleInternal;+9
j  org.gradle.tooling.internal.provider.runner.ClientProvidedBuildActionRunner.run(Lorg/gradle/internal/invocation/BuildAction;Lorg/gradle/internal/invocation/BuildController;)V+80
j  org.gradle.launcher.exec.ChainingBuildActionRunner.run(Lorg/gradle/internal/invocation/BuildAction;Lorg/gradle/internal/invocation/BuildController;)V+34
j  org.gradle.launcher.exec.ChainingBuildActionRunner.run(Lorg/gradle/internal/invocation/BuildAction;Lorg/gradle/internal/invocation/BuildController;)V+34
j  org.gradle.tooling.internal.provider.ValidatingBuildActionRunner.run(Lorg/gradle/internal/invocation/BuildAction;Lorg/gradle/internal/invocation/BuildController;)V+6
j  org.gradle.launcher.exec.RunAsBuildOperationBuildActionRunner$1.run(Lorg/gradle/internal/operations/BuildOperationContext;)V+15
j  org.gradle.internal.progress.DefaultBuildOperationExecutor$RunnableBuildOperationWorker.execute(Lorg/gradle/internal/operations/RunnableBuildOperation;Lorg/gradle/internal/operations/BuildOperationContext;)V+2
j  org.gradle.internal.progress.DefaultBuildOperationExecutor$RunnableBuildOperationWorker.execute(Lorg/gradle/internal/operations/BuildOperation;Lorg/gradle/internal/operations/BuildOperationContext;)V+6
j  org.gradle.internal.progress.DefaultBuildOperationExecutor.execute(Lorg/gradle/internal/operations/BuildOperation;Lorg/gradle/internal/operations/BuildOperationWorker;Lorg/gradle/internal/progress/DefaultBuildOperationExecutor$DefaultBuildOperationState;)V+177
j  org.gradle.internal.progress.DefaultBuildOperationExecutor.run(Lorg/gradle/internal/operations/RunnableBuildOperation;)V+20
j  org.gradle.launcher.exec.RunAsBuildOperationBuildActionRunner.run(Lorg/gradle/internal/invocation/BuildAction;Lorg/gradle/internal/invocation/BuildController;)V+34
j  org.gradle.tooling.internal.provider.SubscribableBuildActionRunner.run(Lorg/gradle/internal/invocation/BuildAction;Lorg/gradle/internal/invocation/BuildController;)V+40
j  org.gradle.launcher.exec.InProcessBuildActionExecuter.execute(Lorg/gradle/internal/invocation/BuildAction;Lorg/gradle/initialization/BuildRequestContext;Lorg/gradle/launcher/exec/BuildActionParameters;Lorg/gradle/internal/service/ServiceRegistry;)Ljava/lang/Object;+71
j  org.gradle.launcher.exec.InProcessBuildActionExecuter.execute(Lorg/gradle/internal/invocation/BuildAction;Lorg/gradle/initialization/BuildRequestContext;Ljava/lang/Object;Lorg/gradle/internal/service/ServiceRegistry;)Ljava/lang/Object;+9
j  org.gradle.launcher.exec.BuildTreeScopeBuildActionExecuter.execute(Lorg/gradle/internal/invocation/BuildAction;Lorg/gradle/initialization/BuildRequestContext;Lorg/gradle/launcher/exec/BuildActionParameters;Lorg/gradle/internal/service/ServiceRegistry;)Ljava/lang/Object;+41
j  org.gradle.launcher.exec.BuildTreeScopeBuildActionExecuter.execute(Lorg/gradle/internal/invocation/BuildAction;Lorg/gradle/initialization/BuildRequestContext;Ljava/lang/Object;Lorg/gradle/internal/service/ServiceRegistry;)Ljava/lang/Object;+9
j  org.gradle.tooling.internal.provider.ContinuousBuildActionExecuter.execute(Lorg/gradle/internal/invocation/BuildAction;Lorg/gradle/initialization/BuildRequestContext;Lorg/gradle/launcher/exec/BuildActionParameters;Lorg/gradle/internal/service/ServiceRegistry;)Ljava/lang/Object;+28
j  org.gradle.tooling.internal.provider.ContinuousBuildActionExecuter.execute(Lorg/gradle/internal/invocation/BuildAction;Lorg/gradle/initialization/BuildRequestContext;Ljava/lang/Object;Lorg/gradle/internal/service/ServiceRegistry;)Ljava/lang/Object;+9
j  org.gradle.tooling.internal.provider.ServicesSetupBuildActionExecuter.execute(Lorg/gradle/internal/invocation/BuildAction;Lorg/gradle/initialization/BuildRequestContext;Lorg/gradle/launcher/exec/BuildActionParameters;Lorg/gradle/internal/service/ServiceRegistry;)Ljava/lang/Object;+85
j  org.gradle.tooling.internal.provider.ServicesSetupBuildActionExecuter.execute(Lorg/gradle/internal/invocation/BuildAction;Lorg/gradle/initialization/BuildRequestContext;Ljava/lang/Object;Lorg/gradle/internal/service/ServiceRegistry;)Ljava/lang/Object;+9
j  org.gradle.tooling.internal.provider.GradleThreadBuildActionExecuter.execute(Lorg/gradle/internal/invocation/BuildAction;Lorg/gradle/initialization/BuildRequestContext;Lorg/gradle/launcher/exec/BuildActionParameters;Lorg/gradle/internal/service/ServiceRegistry;)Ljava/lang/Object;+12
j  org.gradle.tooling.internal.provider.GradleThreadBuildActionExecuter.execute(Lorg/gradle/internal/invocation/BuildAction;Lorg/gradle/initialization/BuildRequestContext;Ljava/lang/Object;Lorg/gradle/internal/service/ServiceRegistry;)Ljava/lang/Object;+9
j  org.gradle.tooling.internal.provider.ParallelismConfigurationBuildActionExecuter.execute(Lorg/gradle/internal/invocation/BuildAction;Lorg/gradle/initialization/BuildRequestContext;Lorg/gradle/launcher/exec/BuildActionParameters;Lorg/gradle/internal/service/ServiceRegistry;)Ljava/lang/Object;+43
j  org.gradle.tooling.internal.provider.ParallelismConfigurationBuildActionExecuter.execute(Lorg/gradle/internal/invocation/BuildAction;Lorg/gradle/initialization/BuildRequestContext;Ljava/lang/Object;Lorg/gradle/internal/service/ServiceRegistry;)Ljava/lang/Object;+9
j  org.gradle.tooling.internal.provider.StartParamsValidatingActionExecuter.execute(Lorg/gradle/internal/invocation/BuildAction;Lorg/gradle/initialization/BuildRequestContext;Lorg/gradle/launcher/exec/BuildActionParameters;Lorg/gradle/internal/service/ServiceRegistry;)Ljava/lang/Object;+257
j  org.gradle.tooling.internal.provider.StartParamsValidatingActionExecuter.execute(Lorg/gradle/internal/invocation/BuildAction;Lorg/gradle/initialization/BuildRequestContext;Ljava/lang/Object;Lorg/gradle/internal/service/ServiceRegistry;)Ljava/lang/Object;+9
j  org.gradle.tooling.internal.provider.SessionFailureReportingActionExecuter.execute(Lorg/gradle/internal/invocation/BuildAction;Lorg/gradle/initialization/BuildRequestContext;Lorg/gradle/launcher/exec/BuildActionParameters;Lorg/gradle/internal/service/ServiceRegistry;)Ljava/lang/Object;+9
j  org.gradle.tooling.internal.provider.SessionFailureReportingActionExecuter.execute(Lorg/gradle/internal/invocation/BuildAction;Lorg/gradle/initialization/BuildRequestContext;Ljava/lang/Object;Lorg/gradle/internal/service/ServiceRegistry;)Ljava/lang/Object;+9
j  org.gradle.tooling.internal.provider.SetupLoggingActionExecuter.execute(Lorg/gradle/internal/invocation/BuildAction;Lorg/gradle/initialization/BuildRequestContext;Lorg/gradle/launcher/exec/BuildActionParameters;Lorg/gradle/internal/service/ServiceRegistry;)Ljava/lang/Object;+69
j  org.gradle.tooling.internal.provider.SetupLoggingActionExecuter.execute(Lorg/gradle/internal/invocation/BuildAction;Lorg/gradle/initialization/BuildRequestContext;Ljava/lang/Object;Lorg/gradle/internal/service/ServiceRegistry;)Ljava/lang/Object;+9
j  org.gradle.launcher.daemon.server.exec.ExecuteBuild.doBuild(Lorg/gradle/launcher/daemon/server/api/DaemonCommandExecution;Lorg/gradle/launcher/daemon/protocol/Build;)V+114
j  org.gradle.launcher.daemon.server.exec.BuildCommandOnly.execute(Lorg/gradle/launcher/daemon/server/api/DaemonCommandExecution;)V+49
...<more frames>...


---------------  P R O C E S S  ---------------

Java Threads: ( => current thread )
  0x00007fd21d8b0800 JavaThread "Cache worker for file hash cache (/Users/ionvaranita/AndroidStudioProjects/Belot/.gradle/4.1/fileHashes)" [_thread_blocked, id=41219, stack(0x00007000037bb000,0x00007000038bb000)]
  0x00007fd21cc7b000 JavaThread "File lock request listener" [_thread_in_native, id=24579, stack(0x00007000036b8000,0x00007000037b8000)]
  0x00007fd21abc3800 JavaThread "Cache worker for file hash cache (/Users/ionvaranita/.gradle/caches/4.1/fileHashes)" [_thread_blocked, id=24067, stack(0x00007000035b5000,0x00007000036b5000)]
  0x00007fd21d0db000 JavaThread "Stdin handler" [_thread_blocked, id=23811, stack(0x00007000034b2000,0x00007000035b2000)]
  0x00007fd21e8fe000 JavaThread "Asynchronous log dispatcher for DefaultDaemonConnection: socket connection from /127.0.0.1:49564 to /127.0.0.1:49565" [_thread_blocked, id=23299, stack(0x00007000033af000,0x00007000034af000)]
=>0x00007fd21ab7a000 JavaThread "Daemon worker" [_thread_in_Java, id=41731, stack(0x00007000032ac000,0x00007000033ac000)]
  0x00007fd21e07c000 JavaThread "Cancel handler" [_thread_blocked, id=41987, stack(0x00007000031a9000,0x00007000032a9000)]
  0x00007fd21d0ce000 JavaThread "Handler for socket connection from /127.0.0.1:49564 to /127.0.0.1:49565" [_thread_in_native, id=42243, stack(0x00007000030a6000,0x00007000031a6000)]
  0x00007fd21b383800 JavaThread "Daemon" [_thread_blocked, id=22275, stack(0x0000700002fa3000,0x00007000030a3000)]
  0x00007fd21d0cf000 JavaThread "Daemon periodic checks" [_thread_blocked, id=43011, stack(0x0000700002ea0000,0x0000700002fa0000)]
  0x00007fd21cc55000 JavaThread "Incoming local TCP Connector on port 49564" [_thread_in_native, id=22019, stack(0x0000700002d9d000,0x0000700002e9d000)]
  0x00007fd21c828000 JavaThread "Service Thread" daemon [_thread_blocked, id=15107, stack(0x0000700002b97000,0x0000700002c97000)]
  0x00007fd21b823000 JavaThread "C1 CompilerThread3" daemon [_thread_blocked, id=16131, stack(0x0000700002a94000,0x0000700002b94000)]
  0x00007fd21b064800 JavaThread "C2 CompilerThread2" daemon [_thread_blocked, id=14595, stack(0x0000700002991000,0x0000700002a91000)]
  0x00007fd21b063800 JavaThread "C2 CompilerThread1" daemon [_thread_blocked, id=16643, stack(0x000070000288e000,0x000070000298e000)]
  0x00007fd21b062000 JavaThread "C2 CompilerThread0" daemon [_thread_in_native, id=14339, stack(0x000070000278b000,0x000070000288b000)]
  0x00007fd21b050000 JavaThread "Signal Dispatcher" daemon [_thread_blocked, id=14091, stack(0x0000700002688000,0x0000700002788000)]
  0x00007fd21b05f800 JavaThread "Finalizer" daemon [_thread_blocked, id=18947, stack(0x0000700002585000,0x0000700002685000)]
  0x00007fd21c80f800 JavaThread "Reference Handler" daemon [_thread_blocked, id=19203, stack(0x0000700002482000,0x0000700002582000)]
  0x00007fd21b005800 JavaThread "main" [_thread_blocked, id=6147, stack(0x0000700001a64000,0x0000700001b64000)]

Other Threads:
  0x00007fd21c80b000 VMThread [stack: 0x000070000237f000,0x000070000247f000] [id=19459]
  0x00007fd21b061800 WatcherThread [stack: 0x0000700002c9a000,0x0000700002d9a000] [id=15363]

VM state:not at safepoint (normal execution)

VM Mutex/Monitor currently owned by a thread: None

Heap:
 PSYoungGen      total 76288K, used 7559K [0x00000007a0000000, 0x00000007a9500000, 0x00000007c0000000)
  eden space 65536K, 11% used [0x00000007a0000000,0x00000007a0761cb8,0x00000007a4000000)
  from space 10752K, 0% used [0x00000007a4000000,0x00000007a4000000,0x00000007a4a80000)
  to   space 10752K, 0% used [0x00000007a8a80000,0x00000007a8a80000,0x00000007a9500000)
 ParOldGen       total 101376K, used 7049K [0x0000000760000000, 0x0000000766300000, 0x00000007a0000000)
  object space 101376K, 6% used [0x0000000760000000,0x00000007606e2718,0x0000000766300000)
 Metaspace       used 21499K, capacity 22062K, committed 22400K, reserved 1069056K
  class space    used 2907K, capacity 3075K, committed 3200K, reserved 1048576K

Card table byte_map: [0x000000010aa9a000,0x000000010ad9b000] byte_map_base: 0x0000000106f9a000

Marking Bits: (ParMarkBitMap*) 0x000000010a3f7128
 Begin Bits: [0x000000010af9b000, 0x000000010c79b000)
 End Bits:   [0x000000010c79b000, 0x000000010df9b000)

Polling page: 0x0000000108bdd000

CodeCache: size=245760Kb used=6405Kb max_used=6420Kb free=239354Kb
 bounds [0x0000000115464000, 0x0000000115ab4000, 0x0000000124464000]
 total_blobs=2309 nmethods=1696 adapters=527
 compilation: enabled

Compilation events (10 events):
Event: 3.207 Thread 0x00007fd21b823000 1698       3       java.util.concurrent.ConcurrentLinkedQueue$Node::<init> (16 bytes)
Event: 3.207 Thread 0x00007fd21b823000 nmethod 1698 0x0000000115aa65d0 code [0x0000000115aa6740, 0x0000000115aa6910]
Event: 3.207 Thread 0x00007fd21b823000 1699       3       java.lang.Class$MethodArray::<init> (7 bytes)
Event: 3.207 Thread 0x00007fd21b823000 nmethod 1699 0x0000000115aa69d0 code [0x0000000115aa6b40, 0x0000000115aa6cc8]
Event: 3.207 Thread 0x00007fd21b823000 1700       3       java.lang.Class$MethodArray::compactAndTrim (69 bytes)
Event: 3.208 Thread 0x00007fd21b823000 nmethod 1700 0x0000000115aa6d50 code [0x0000000115aa6f00, 0x0000000115aa7588]
Event: 3.208 Thread 0x00007fd21b062000 1701   !   4       java.util.concurrent.ConcurrentHashMap::putVal (362 bytes)
Event: 3.208 Thread 0x00007fd21b064800 nmethod 1697 0x0000000115aaa550 code [0x0000000115aaa6a0, 0x0000000115aaa7d8]
Event: 3.208 Thread 0x00007fd21b823000 1702       3       java.util.Arrays$LegacyMergeSort::access$000 (4 bytes)
Event: 3.208 Thread 0x00007fd21b823000 nmethod 1702 0x0000000115aaa250 code [0x0000000115aaa3a0, 0x0000000115aaa4d0]

GC Heap History (8 events):
Event: 1.343 GC heap before
{Heap before GC invocations=1 (full 0):
 PSYoungGen      total 76288K, used 65536K [0x00000007a0000000, 0x00000007a5500000, 0x00000007c0000000)
  eden space 65536K, 100% used [0x00000007a0000000,0x00000007a4000000,0x00000007a4000000)
  from space 10752K, 0% used [0x00000007a4a80000,0x00000007a4a80000,0x00000007a5500000)
  to   space 10752K, 0% used [0x00000007a4000000,0x00000007a4000000,0x00000007a4a80000)
 ParOldGen       total 175104K, used 0K [0x0000000760000000, 0x000000076ab00000, 0x00000007a0000000)
  object space 175104K, 0% used [0x0000000760000000,0x0000000760000000,0x000000076ab00000)
 Metaspace       used 11351K, capacity 11746K, committed 11904K, reserved 1058816K
  class space    used 1507K, capacity 1631K, committed 1664K, reserved 1048576K
Event: 1.356 GC heap after
Heap after GC invocations=1 (full 0):
 PSYoungGen      total 76288K, used 7764K [0x00000007a0000000, 0x00000007a5500000, 0x00000007c0000000)
  eden space 65536K, 0% used [0x00000007a0000000,0x00000007a0000000,0x00000007a4000000)
  from space 10752K, 72% used [0x00000007a4000000,0x00000007a4795098,0x00000007a4a80000)
  to   space 10752K, 0% used [0x00000007a4a80000,0x00000007a4a80000,0x00000007a5500000)
 ParOldGen       total 175104K, used 16K [0x0000000760000000, 0x000000076ab00000, 0x00000007a0000000)
  object space 175104K, 0% used [0x0000000760000000,0x0000000760004000,0x000000076ab00000)
 Metaspace       used 11351K, capacity 11746K, committed 11904K, reserved 1058816K
  class space    used 1507K, capacity 1631K, committed 1664K, reserved 1048576K
}
Event: 2.850 GC heap before
{Heap before GC invocations=2 (full 0):
 PSYoungGen      total 76288K, used 73300K [0x00000007a0000000, 0x00000007a5500000, 0x00000007c0000000)
  eden space 65536K, 100% used [0x00000007a0000000,0x00000007a4000000,0x00000007a4000000)
  from space 10752K, 72% used [0x00000007a4000000,0x00000007a4795098,0x00000007a4a80000)
  to   space 10752K, 0% used [0x00000007a4a80000,0x00000007a4a80000,0x00000007a5500000)
 ParOldGen       total 175104K, used 16K [0x0000000760000000, 0x000000076ab00000, 0x00000007a0000000)
  object space 175104K, 0% used [0x0000000760000000,0x0000000760004000,0x000000076ab00000)
 Metaspace       used 20034K, capacity 20520K, committed 20736K, reserved 1067008K
  class space    used 2788K, capacity 2945K, committed 3072K, reserved 1048576K
Event: 2.867 GC heap after
Heap after GC invocations=2 (full 0):
 PSYoungGen      total 76288K, used 10738K [0x00000007a0000000, 0x00000007a5500000, 0x00000007c0000000)
  eden space 65536K, 0% used [0x00000007a0000000,0x00000007a0000000,0x00000007a4000000)
  from space 10752K, 99% used [0x00000007a4a80000,0x00000007a54fc838,0x00000007a5500000)
  to   space 10752K, 0% used [0x00000007a4000000,0x00000007a4000000,0x00000007a4a80000)
 ParOldGen       total 175104K, used 1911K [0x0000000760000000, 0x000000076ab00000, 0x00000007a0000000)
  object space 175104K, 1% used [0x0000000760000000,0x00000007601ddc10,0x000000076ab00000)
 Metaspace       used 20034K, capacity 20520K, committed 20736K, reserved 1067008K
  class space    used 2788K, capacity 2945K, committed 3072K, reserved 1048576K
}
Event: 3.017 GC heap before
{Heap before GC invocations=3 (full 0):
 PSYoungGen      total 76288K, used 18727K [0x00000007a0000000, 0x00000007a5500000, 0x00000007c0000000)
  eden space 65536K, 12% used [0x00000007a0000000,0x00000007a07cd538,0x00000007a4000000)
  from space 10752K, 99% used [0x00000007a4a80000,0x00000007a54fc838,0x00000007a5500000)
  to   space 10752K, 0% used [0x00000007a4000000,0x00000007a4000000,0x00000007a4a80000)
 ParOldGen       total 175104K, used 1911K [0x0000000760000000, 0x000000076ab00000, 0x00000007a0000000)
  object space 175104K, 1% used [0x0000000760000000,0x00000007601ddc10,0x000000076ab00000)
 Metaspace       used 20609K, capacity 21128K, committed 21248K, reserved 1067008K
  class space    used 2864K, capacity 3041K, committed 3072K, reserved 1048576K
Event: 3.030 GC heap after
Heap after GC invocations=3 (full 0):
 PSYoungGen      total 76288K, used 7190K [0x00000007a0000000, 0x00000007a9500000, 0x00000007c0000000)
  eden space 65536K, 0% used [0x00000007a0000000,0x00000007a0000000,0x00000007a4000000)
  from space 10752K, 66% used [0x00000007a4000000,0x00000007a4705a28,0x00000007a4a80000)
  to   space 10752K, 0% used [0x00000007a8a80000,0x00000007a8a80000,0x00000007a9500000)
 ParOldGen       total 175104K, used 1919K [0x0000000760000000, 0x000000076ab00000, 0x00000007a0000000)
  object space 175104K, 1% used [0x0000000760000000,0x00000007601dfc10,0x000000076ab00000)
 Metaspace       used 20609K, capacity 21128K, committed 21248K, reserved 1067008K
  class space    used 2864K, capacity 3041K, committed 3072K, reserved 1048576K
}
Event: 3.030 GC heap before
{Heap before GC invocations=4 (full 1):
 PSYoungGen      total 76288K, used 7190K [0x00000007a0000000, 0x00000007a9500000, 0x00000007c0000000)
  eden space 65536K, 0% used [0x00000007a0000000,0x00000007a0000000,0x00000007a4000000)
  from space 10752K, 66% used [0x00000007a4000000,0x00000007a4705a28,0x00000007a4a80000)
  to   space 10752K, 0% used [0x00000007a8a80000,0x00000007a8a80000,0x00000007a9500000)
 ParOldGen       total 175104K, used 1919K [0x0000000760000000, 0x000000076ab00000, 0x00000007a0000000)
  object space 175104K, 1% used [0x0000000760000000,0x00000007601dfc10,0x000000076ab00000)
 Metaspace       used 20609K, capacity 21128K, committed 21248K, reserved 1067008K
  class space    used 2864K, capacity 3041K, committed 3072K, reserved 1048576K
Event: 3.090 GC heap after
Heap after GC invocations=4 (full 1):
 PSYoungGen      total 76288K, used 0K [0x00000007a0000000, 0x00000007a9500000, 0x00000007c0000000)
  eden space 65536K, 0% used [0x00000007a0000000,0x00000007a0000000,0x00000007a4000000)
  from space 10752K, 0% used [0x00000007a4000000,0x00000007a4000000,0x00000007a4a80000)
  to   space 10752K, 0% used [0x00000007a8a80000,0x00000007a8a80000,0x00000007a9500000)
 ParOldGen       total 101376K, used 7049K [0x0000000760000000, 0x0000000766300000, 0x00000007a0000000)
  object space 101376K, 6% used [0x0000000760000000,0x00000007606e2718,0x0000000766300000)
 Metaspace       used 20609K, capacity 21128K, committed 21248K, reserved 1067008K
  class space    used 2864K, capacity 3041K, committed 3072K, reserved 1048576K
}

Deoptimization events (10 events):
Event: 2.159 Thread 0x00007fd21ab7a000 Uncommon trap: reason=unstable_if action=reinterpret pc=0x00000001156c2d18 method=java.io.UnixFileSystem.normalize(Ljava/lang/String;)Ljava/lang/String; @ 60
Event: 2.160 Thread 0x00007fd21ab7a000 Uncommon trap: reason=unstable_if action=reinterpret pc=0x00000001156c5a9c method=java.io.File.getName()Ljava/lang/String; @ 16
Event: 2.286 Thread 0x00007fd21ab7a000 Uncommon trap: reason=bimorphic action=maybe_recompile pc=0x0000000115846a80 method=java.lang.ClassLoader.loadClass(Ljava/lang/String;Z)Ljava/lang/Class; @ 38
Event: 2.289 Thread 0x00007fd21ab7a000 Uncommon trap: reason=bimorphic action=maybe_recompile pc=0x0000000115846a80 method=java.lang.ClassLoader.loadClass(Ljava/lang/String;Z)Ljava/lang/Class; @ 38
Event: 2.290 Thread 0x00007fd21ab7a000 Uncommon trap: reason=bimorphic action=maybe_recompile pc=0x0000000115846a80 method=java.lang.ClassLoader.loadClass(Ljava/lang/String;Z)Ljava/lang/Class; @ 38
Event: 2.290 Thread 0x00007fd21ab7a000 Uncommon trap: reason=bimorphic action=maybe_recompile pc=0x0000000115846a80 method=java.lang.ClassLoader.loadClass(Ljava/lang/String;Z)Ljava/lang/Class; @ 38
Event: 2.422 Thread 0x00007fd21ab7a000 Uncommon trap: reason=unstable_if action=reinterpret pc=0x0000000115652938 method=java.lang.AbstractStringBuilder.append(Ljava/lang/String;)Ljava/lang/AbstractStringBuilder; @ 1
Event: 2.422 Thread 0x00007fd21ab7a000 Uncommon trap: reason=unstable_if action=reinterpret pc=0x0000000115604ac0 method=java.lang.AbstractStringBuilder.append(Ljava/lang/String;)Ljava/lang/AbstractStringBuilder; @ 1
Event: 2.503 Thread 0x00007fd21ab7a000 Uncommon trap: reason=class_check action=maybe_recompile pc=0x0000000115632748 method=sun.misc.URLClassPath.getLoader(I)Lsun/misc/URLClassPath$Loader; @ 94
Event: 2.503 Thread 0x00007fd21ab7a000 Uncommon trap: reason=class_check action=maybe_recompile pc=0x0000000115738a2c method=sun.misc.URLClassPath.getResource(Ljava/lang/String;Z)Lsun/misc/Resource; @ 62

Classes redefined (0 events):
No events

Internal exceptions (10 events):
Event: 2.989 Thread 0x00007fd21ab7a000 Exception <a 'java/lang/ClassNotFoundException': org/gradle/groovy/scripts/DefaultScriptCustomizer> (0x00000007a06166d0) thrown at [/Volumes/android/AOSP-openjdk-git/jdk8u/hotspot/src/share/vm/classfile/systemDictionary.cpp, line 210]
Event: 2.996 Thread 0x00007fd21ab7a000 Exception <a 'java/lang/ClassNotFoundException': org/gradle/initialization/InitScriptCustomizer> (0x00000007a0667988) thrown at [/Volumes/android/AOSP-openjdk-git/jdk8u/hotspot/src/share/vm/classfile/systemDictionary.cpp, line 210]
Event: 2.997 Thread 0x00007fd21ab7a000 Exception <a 'java/lang/ClassNotFoundException': sync_local_repo_56a1lx9ndzi8gd6l3ylns0c32Customizer> (0x00000007a067ad08) thrown at [/Volumes/android/AOSP-openjdk-git/jdk8u/hotspot/src/share/vm/classfile/systemDictionary.cpp, line 210]
Event: 3.097 Thread 0x00007fd21ab7a000 Exception <a 'java/lang/ClassNotFoundException': org/gradle/api/internal/plugins/DefaultExtraPropertiesExtensionBeanInfo> (0x00000007a0050d78) thrown at [/Volumes/android/AOSP-openjdk-git/jdk8u/hotspot/src/share/vm/classfile/systemDictionary.cpp, line 210
Event: 3.097 Thread 0x00007fd21ab7a000 Exception <a 'java/lang/ClassNotFoundException': org/gradle/api/internal/plugins/DefaultExtraPropertiesExtensionCustomizer> (0x00000007a0065c30) thrown at [/Volumes/android/AOSP-openjdk-git/jdk8u/hotspot/src/share/vm/classfile/systemDictionary.cpp, line 2
Event: 3.131 Thread 0x00007fd21ab7a000 Exception <a 'java/lang/ClassNotFoundException': groovy/lang/Closure$1BeanInfo> (0x00000007a0202d98) thrown at [/Volumes/android/AOSP-openjdk-git/jdk8u/hotspot/src/share/vm/classfile/systemDictionary.cpp, line 210]
Event: 3.131 Thread 0x00007fd21ab7a000 Exception <a 'java/lang/ClassNotFoundException': groovy/lang/ClosureBeanInfo> (0x00000007a0219be0) thrown at [/Volumes/android/AOSP-openjdk-git/jdk8u/hotspot/src/share/vm/classfile/systemDictionary.cpp, line 210]
Event: 3.132 Thread 0x00007fd21ab7a000 Exception <a 'java/lang/ClassNotFoundException': groovy/lang/ClosureCustomizer> (0x00000007a0231320) thrown at [/Volumes/android/AOSP-openjdk-git/jdk8u/hotspot/src/share/vm/classfile/systemDictionary.cpp, line 210]
Event: 3.136 Thread 0x00007fd21ab7a000 Exception <a 'java/lang/ClassNotFoundException': groovy/lang/Closure$1Customizer> (0x00000007a0271230) thrown at [/Volumes/android/AOSP-openjdk-git/jdk8u/hotspot/src/share/vm/classfile/systemDictionary.cpp, line 210]
Event: 3.215 Thread 0x00007fd21ab7a000 Implicit null exception at 0x0000000115aa720c to 0x0000000000000000

Events (10 events):
Event: 3.213 loading class groovy/util/BuilderSupport
Event: 3.213 loading class groovy/util/BuilderSupport done
Event: 3.214 loading class org/gradle/api/file/ProjectLayout
Event: 3.214 loading class org/gradle/api/file/ProjectLayout done
Event: 3.214 loading class org/gradle/api/component/SoftwareComponentContainer
Event: 3.214 loading class org/gradle/api/component/SoftwareComponentContainer done
Event: 3.215 loading class org/gradle/normalization/InputNormalizationHandler
Event: 3.215 loading class org/gradle/normalization/InputNormalizationHandler done
Event: 3.215 loading class org/gradle/api/NamedDomainObjectFactory
Event: 3.215 loading class org/gradle/api/NamedDomainObjectFactory done


Dynamic libraries:
0x000000000dbc3000 	/System/Library/Frameworks/Cocoa.framework/Versions/A/Cocoa
0x000000000dbc3000 	/System/Library/Frameworks/Security.framework/Versions/A/Security
0x000000000dbc3000 	/System/Library/Frameworks/ApplicationServices.framework/Versions/A/ApplicationServices
0x000000000dbc3000 	/usr/lib/libz.1.dylib
0x000000000dbc3000 	/usr/lib/libSystem.B.dylib
0x000000000dbc3000 	/System/Library/Frameworks/CoreFoundation.framework/Versions/A/CoreFoundation
0x000000000dbc3000 	/System/Library/Frameworks/Foundation.framework/Versions/C/Foundation
0x000000000dbc3000 	/usr/lib/libobjc.A.dylib
0x000000000dbc3000 	/System/Library/Frameworks/AppKit.framework/Versions/C/AppKit
0x000000000dbc3000 	/System/Library/Frameworks/CoreData.framework/Versions/A/CoreData
0x000000000dbc3000 	/System/Library/PrivateFrameworks/RemoteViewServices.framework/Versions/A/RemoteViewServices
0x000000000dbc3000 	/System/Library/PrivateFrameworks/UIFoundation.framework/Versions/A/UIFoundation
0x000000000dbc3000 	/System/Library/PrivateFrameworks/DFRFoundation.framework/Versions/A/DFRFoundation
0x000000000dbc3000 	/System/Library/Frameworks/Metal.framework/Versions/A/Metal
0x000000000dbc3000 	/System/Library/PrivateFrameworks/DesktopServicesPriv.framework/Versions/A/DesktopServicesPriv
0x000000000dbc3000 	/usr/lib/libenergytrace.dylib
0x000000000dbc3000 	/System/Library/PrivateFrameworks/SkyLight.framework/Versions/A/SkyLight
0x000000000dbc3000 	/System/Library/Frameworks/CoreGraphics.framework/Versions/A/CoreGraphics
0x000000000dbc3000 	/usr/lib/libScreenReader.dylib
0x000000000dbc3000 	/System/Library/Frameworks/Accelerate.framework/Versions/A/Accelerate
0x000000000dbc3000 	/System/Library/Frameworks/IOSurface.framework/Versions/A/IOSurface
0x000000000dbc3000 	/System/Library/Frameworks/AudioToolbox.framework/Versions/A/AudioToolbox
0x000000000dbc3000 	/System/Library/Frameworks/AudioUnit.framework/Versions/A/AudioUnit
0x000000000dbc3000 	/System/Library/PrivateFrameworks/DataDetectorsCore.framework/Versions/A/DataDetectorsCore
0x000000000dbc3000 	/System/Library/Frameworks/Carbon.framework/Versions/A/Frameworks/HIToolbox.framework/Versions/A/HIToolbox
0x000000000dbc3000 	/usr/lib/libicucore.A.dylib
0x000000000dbc3000 	/System/Library/Frameworks/QuartzCore.framework/Versions/A/QuartzCore
0x000000000dbc3000 	/System/Library/PrivateFrameworks/SignpostNotification.framework/Versions/A/SignpostNotification
0x000000000dbc3000 	/System/Library/Frameworks/Carbon.framework/Versions/A/Frameworks/SpeechRecognition.framework/Versions/A/SpeechRecognition
0x000000000dbc3000 	/usr/lib/libauto.dylib
0x000000000dbc3000 	/usr/lib/libxml2.2.dylib
0x000000000dbc3000 	/System/Library/PrivateFrameworks/CoreUI.framework/Versions/A/CoreUI
0x000000000dbc3000 	/System/Library/Frameworks/CoreAudio.framework/Versions/A/CoreAudio
0x000000000dbc3000 	/System/Library/Frameworks/DiskArbitration.framework/Versions/A/DiskArbitration
0x000000000dbc3000 	/usr/lib/liblangid.dylib
0x000000000dbc3000 	/System/Library/PrivateFrameworks/MultitouchSupport.framework/Versions/A/MultitouchSupport
0x000000000dbc3000 	/System/Library/Frameworks/IOKit.framework/Versions/A/IOKit
0x000000000dbc3000 	/usr/lib/libDiagnosticMessagesClient.dylib
0x000000000dbc3000 	/System/Library/Frameworks/CoreServices.framework/Versions/A/CoreServices
0x000000000dbc3000 	/System/Library/PrivateFrameworks/PerformanceAnalysis.framework/Versions/A/PerformanceAnalysis
0x000000000dbc3000 	/System/Library/Frameworks/OpenGL.framework/Versions/A/OpenGL
0x000000000dbc3000 	/System/Library/Frameworks/ColorSync.framework/Versions/A/ColorSync
0x000000000dbc3000 	/System/Library/Frameworks/CoreImage.framework/Versions/A/CoreImage
0x000000000dbc3000 	/System/Library/Frameworks/CoreText.framework/Versions/A/CoreText
0x000000000dbc3000 	/System/Library/Frameworks/ImageIO.framework/Versions/A/ImageIO
0x000000000dbc3000 	/System/Library/PrivateFrameworks/Backup.framework/Versions/A/Backup
0x000000000dbc3000 	/usr/lib/libarchive.2.dylib
0x000000000dbc3000 	/System/Library/Frameworks/CFNetwork.framework/Versions/A/CFNetwork
0x000000000dbc3000 	/System/Library/Frameworks/SystemConfiguration.framework/Versions/A/SystemConfiguration
0x000000000dbc3000 	/usr/lib/libCRFSuite.dylib
0x000000000dbc3000 	/usr/lib/libc++.1.dylib
0x000000000dbc3000 	/usr/lib/libc++abi.dylib
0x000000000dbc3000 	/usr/lib/system/libcache.dylib
0x000000000dbc3000 	/usr/lib/system/libcommonCrypto.dylib
0x000000000dbc3000 	/usr/lib/system/libcompiler_rt.dylib
0x000000000dbc3000 	/usr/lib/system/libcopyfile.dylib
0x000000000dbc3000 	/usr/lib/system/libcorecrypto.dylib
0x000000000dbc3000 	/usr/lib/system/libdispatch.dylib
0x000000000dbc3000 	/usr/lib/system/libdyld.dylib
0x000000000dbc3000 	/usr/lib/system/libkeymgr.dylib
0x000000000dbc3000 	/usr/lib/system/liblaunch.dylib
0x000000000dbc3000 	/usr/lib/system/libmacho.dylib
0x000000000dbc3000 	/usr/lib/system/libquarantine.dylib
0x000000000dbc3000 	/usr/lib/system/libremovefile.dylib
0x000000000dbc3000 	/usr/lib/system/libsystem_asl.dylib
0x000000000dbc3000 	/usr/lib/system/libsystem_blocks.dylib
0x000000000dbc3000 	/usr/lib/system/libsystem_c.dylib
0x000000000dbc3000 	/usr/lib/system/libsystem_configuration.dylib
0x000000000dbc3000 	/usr/lib/system/libsystem_coreservices.dylib
0x000000000dbc3000 	/usr/lib/system/libsystem_darwin.dylib
0x000000000dbc3000 	/usr/lib/system/libsystem_dnssd.dylib
0x000000000dbc3000 	/usr/lib/system/libsystem_info.dylib
0x000000000dbc3000 	/usr/lib/system/libsystem_m.dylib
0x000000000dbc3000 	/usr/lib/system/libsystem_malloc.dylib
0x000000000dbc3000 	/usr/lib/system/libsystem_network.dylib
0x000000000dbc3000 	/usr/lib/system/libsystem_networkextension.dylib
0x000000000dbc3000 	/usr/lib/system/libsystem_notify.dylib
0x000000000dbc3000 	/usr/lib/system/libsystem_sandbox.dylib
0x000000000dbc3000 	/usr/lib/system/libsystem_secinit.dylib
0x000000000dbc3000 	/usr/lib/system/libsystem_kernel.dylib
0x000000000dbc3000 	/usr/lib/system/libsystem_platform.dylib
0x000000000dbc3000 	/usr/lib/system/libsystem_pthread.dylib
0x000000000dbc3000 	/usr/lib/system/libsystem_symptoms.dylib
0x000000000dbc3000 	/usr/lib/system/libsystem_trace.dylib
0x000000000dbc3000 	/usr/lib/system/libunwind.dylib
0x000000000dbc3000 	/usr/lib/system/libxpc.dylib
0x000000000dbc3000 	/usr/lib/closure/libclosured.dylib
0x000000000dbc3000 	/usr/lib/libbsm.0.dylib
0x000000000dbc3000 	/usr/lib/system/libkxld.dylib
0x000000000dbc3000 	/usr/lib/libOpenScriptingUtil.dylib
0x000000000dbc3000 	/usr/lib/libcoretls.dylib
0x000000000dbc3000 	/usr/lib/libcoretls_cfhelpers.dylib
0x000000000dbc3000 	/usr/lib/libpam.2.dylib
0x000000000dbc3000 	/usr/lib/libsqlite3.dylib
0x000000000dbc3000 	/usr/lib/libxar.1.dylib
0x000000000dbc3000 	/usr/lib/libbz2.1.0.dylib
0x000000000dbc3000 	/usr/lib/liblzma.5.dylib
0x000000000dbc3000 	/usr/lib/libnetwork.dylib
0x000000000dbc3000 	/usr/lib/libapple_nghttp2.dylib
0x000000000dbc3000 	/usr/lib/libpcap.A.dylib
0x000000000dbc3000 	/usr/lib/libboringssl.dylib
0x000000000dbc3000 	/usr/lib/libusrtcp.dylib
0x000000000dbc3000 	/usr/lib/libapple_crypto.dylib
0x000000000dbc3000 	/System/Library/Frameworks/CoreServices.framework/Versions/A/Frameworks/FSEvents.framework/Versions/A/FSEvents
0x000000000dbc3000 	/System/Library/Frameworks/CoreServices.framework/Versions/A/Frameworks/CarbonCore.framework/Versions/A/CarbonCore
0x000000000dbc3000 	/System/Library/Frameworks/CoreServices.framework/Versions/A/Frameworks/Metadata.framework/Versions/A/Metadata
0x000000000dbc3000 	/System/Library/Frameworks/CoreServices.framework/Versions/A/Frameworks/OSServices.framework/Versions/A/OSServices
0x000000000dbc3000 	/System/Library/Frameworks/CoreServices.framework/Versions/A/Frameworks/SearchKit.framework/Versions/A/SearchKit
0x000000000dbc3000 	/System/Library/Frameworks/CoreServices.framework/Versions/A/Frameworks/AE.framework/Versions/A/AE
0x000000000dbc3000 	/System/Library/Frameworks/CoreServices.framework/Versions/A/Frameworks/LaunchServices.framework/Versions/A/LaunchServices
0x000000000dbc3000 	/System/Library/Frameworks/CoreServices.framework/Versions/A/Frameworks/DictionaryServices.framework/Versions/A/DictionaryServices
0x000000000dbc3000 	/System/Library/Frameworks/CoreServices.framework/Versions/A/Frameworks/SharedFileList.framework/Versions/A/SharedFileList
0x000000000dbc3000 	/System/Library/Frameworks/NetFS.framework/Versions/A/NetFS
0x000000000dbc3000 	/System/Library/PrivateFrameworks/NetAuth.framework/Versions/A/NetAuth
0x000000000dbc3000 	/System/Library/PrivateFrameworks/login.framework/Versions/A/Frameworks/loginsupport.framework/Versions/A/loginsupport
0x000000000dbc3000 	/System/Library/PrivateFrameworks/TCC.framework/Versions/A/TCC
0x000000000dbc3000 	/usr/lib/libmecabra.dylib
0x000000000dbc3000 	/System/Library/Frameworks/ApplicationServices.framework/Versions/A/Frameworks/ATS.framework/Versions/A/ATS
0x000000000dbc3000 	/System/Library/Frameworks/ApplicationServices.framework/Versions/A/Frameworks/ColorSyncLegacy.framework/Versions/A/ColorSyncLegacy
0x000000000dbc3000 	/System/Library/Frameworks/ApplicationServices.framework/Versions/A/Frameworks/HIServices.framework/Versions/A/HIServices
0x000000000dbc3000 	/System/Library/Frameworks/ApplicationServices.framework/Versions/A/Frameworks/LangAnalysis.framework/Versions/A/LangAnalysis
0x000000000dbc3000 	/System/Library/Frameworks/ApplicationServices.framework/Versions/A/Frameworks/PrintCore.framework/Versions/A/PrintCore
0x000000000dbc3000 	/System/Library/Frameworks/ApplicationServices.framework/Versions/A/Frameworks/QD.framework/Versions/A/QD
0x000000000dbc3000 	/System/Library/Frameworks/ApplicationServices.framework/Versions/A/Frameworks/SpeechSynthesis.framework/Versions/A/SpeechSynthesis
0x000000000dbc3000 	/System/Library/Frameworks/CoreDisplay.framework/Versions/A/CoreDisplay
0x000000000dbc3000 	/System/Library/Frameworks/Accelerate.framework/Versions/A/Frameworks/vImage.framework/Versions/A/vImage
0x000000000dbc3000 	/System/Library/Frameworks/Accelerate.framework/Versions/A/Frameworks/vecLib.framework/Versions/A/vecLib
0x000000000dbc3000 	/System/Library/Frameworks/Accelerate.framework/Versions/A/Frameworks/vecLib.framework/Versions/A/libvDSP.dylib
0x000000000dbc3000 	/System/Library/Frameworks/Accelerate.framework/Versions/A/Frameworks/vecLib.framework/Versions/A/libBNNS.dylib
0x000000000dbc3000 	/System/Library/Frameworks/Accelerate.framework/Versions/A/Frameworks/vecLib.framework/Versions/A/libQuadrature.dylib
0x000000000dbc3000 	/System/Library/Frameworks/Accelerate.framework/Versions/A/Frameworks/vecLib.framework/Versions/A/libvMisc.dylib
0x000000000dbc3000 	/System/Library/Frameworks/Accelerate.framework/Versions/A/Frameworks/vecLib.framework/Versions/A/libLAPACK.dylib
0x000000000dbc3000 	/System/Library/Frameworks/Accelerate.framework/Versions/A/Frameworks/vecLib.framework/Versions/A/libBLAS.dylib
0x000000000dbc3000 	/System/Library/Frameworks/Accelerate.framework/Versions/A/Frameworks/vecLib.framework/Versions/A/libLinearAlgebra.dylib
0x000000000dbc3000 	/System/Library/Frameworks/Accelerate.framework/Versions/A/Frameworks/vecLib.framework/Versions/A/libSparse.dylib
0x000000000dbc3000 	/System/Library/Frameworks/Accelerate.framework/Versions/A/Frameworks/vecLib.framework/Versions/A/libSparseBLAS.dylib
0x000000000dbc3000 	/System/Library/PrivateFrameworks/GPUWrangler.framework/Versions/A/GPUWrangler
0x000000000dbc3000 	/System/Library/PrivateFrameworks/IOAccelerator.framework/Versions/A/IOAccelerator
0x000000000dbc3000 	/System/Library/PrivateFrameworks/IOPresentment.framework/Versions/A/IOPresentment
0x000000000dbc3000 	/System/Library/PrivateFrameworks/DSExternalDisplay.framework/Versions/A/DSExternalDisplay
0x000000000dbc3000 	/System/Library/Frameworks/OpenGL.framework/Versions/A/Libraries/libCoreFSCache.dylib
0x000000000dbc3000 	/System/Library/Frameworks/CoreVideo.framework/Versions/A/CoreVideo
0x000000000dbc3000 	/System/Library/PrivateFrameworks/GraphVisualizer.framework/Versions/A/GraphVisualizer
0x000000000dbc3000 	/System/Library/Frameworks/MetalPerformanceShaders.framework/Versions/A/MetalPerformanceShaders
0x000000000dbc3000 	/usr/lib/libFosl_dynamic.dylib
0x000000000dbc3000 	/System/Library/PrivateFrameworks/FaceCore.framework/Versions/A/FaceCore
0x000000000dbc3000 	/System/Library/Frameworks/OpenCL.framework/Versions/A/OpenCL
0x000000000dbc3000 	/usr/lib/libcompression.dylib
0x000000000dbc3000 	/System/Library/Frameworks/ApplicationServices.framework/Versions/A/Frameworks/ATS.framework/Versions/A/Resources/libFontParser.dylib
0x000000000dbc3000 	/System/Library/Frameworks/ApplicationServices.framework/Versions/A/Frameworks/ATS.framework/Versions/A/Resources/libFontRegistry.dylib
0x000000000dbc3000 	/System/Library/Frameworks/ImageIO.framework/Versions/A/Resources/libJPEG.dylib
0x000000000dbc3000 	/System/Library/Frameworks/ImageIO.framework/Versions/A/Resources/libTIFF.dylib
0x000000000dbc3000 	/System/Library/Frameworks/ImageIO.framework/Versions/A/Resources/libPng.dylib
0x000000000dbc3000 	/System/Library/Frameworks/ImageIO.framework/Versions/A/Resources/libGIF.dylib
0x000000000dbc3000 	/System/Library/Frameworks/ImageIO.framework/Versions/A/Resources/libJP2.dylib
0x000000000dbc3000 	/System/Library/Frameworks/ImageIO.framework/Versions/A/Resources/libRadiance.dylib
0x000000000dbc3000 	/System/Library/PrivateFrameworks/AppleJPEG.framework/Versions/A/AppleJPEG
0x000000000dbc3000 	/System/Library/Frameworks/MetalPerformanceShaders.framework/Frameworks/MPSCore.framework/Versions/A/MPSCore
0x000000000dbc3000 	/System/Library/Frameworks/MetalPerformanceShaders.framework/Frameworks/MPSImage.framework/Versions/A/MPSImage
0x000000000dbc3000 	/System/Library/Frameworks/MetalPerformanceShaders.framework/Frameworks/MPSNeuralNetwork.framework/Versions/A/MPSNeuralNetwork
0x000000000dbc3000 	/System/Library/Frameworks/MetalPerformanceShaders.framework/Frameworks/MPSMatrix.framework/Versions/A/MPSMatrix
0x000000000dbc3000 	/System/Library/PrivateFrameworks/MetalTools.framework/Versions/A/MetalTools
0x000000000dbc3000 	/System/Library/Frameworks/OpenGL.framework/Versions/A/Libraries/libGLU.dylib
0x000000000dbc3000 	/System/Library/Frameworks/OpenGL.framework/Versions/A/Libraries/libGFXShared.dylib
0x000000000dbc3000 	/System/Library/Frameworks/OpenGL.framework/Versions/A/Libraries/libGL.dylib
0x000000000dbc3000 	/System/Library/Frameworks/OpenGL.framework/Versions/A/Libraries/libGLImage.dylib
0x000000000dbc3000 	/System/Library/Frameworks/OpenGL.framework/Versions/A/Libraries/libCVMSPluginSupport.dylib
0x000000000dbc3000 	/System/Library/Frameworks/OpenGL.framework/Versions/A/Libraries/libCoreVMClient.dylib
0x000000000dbc3000 	/usr/lib/libcups.2.dylib
0x000000000dbc3000 	/System/Library/Frameworks/Kerberos.framework/Versions/A/Kerberos
0x000000000dbc3000 	/System/Library/Frameworks/GSS.framework/Versions/A/GSS
0x000000000dbc3000 	/usr/lib/libresolv.9.dylib
0x000000000dbc3000 	/usr/lib/libiconv.2.dylib
0x000000000dbc3000 	/System/Library/PrivateFrameworks/Heimdal.framework/Versions/A/Heimdal
0x000000000dbc3000 	/usr/lib/libheimdal-asn1.dylib
0x000000000dbc3000 	/System/Library/Frameworks/OpenDirectory.framework/Versions/A/OpenDirectory
0x000000000dbc3000 	/System/Library/PrivateFrameworks/CommonAuth.framework/Versions/A/CommonAuth
0x000000000dbc3000 	/System/Library/Frameworks/OpenDirectory.framework/Versions/A/Frameworks/CFOpenDirectory.framework/Versions/A/CFOpenDirectory
0x000000000dbc3000 	/System/Library/Frameworks/SecurityFoundation.framework/Versions/A/SecurityFoundation
0x000000000dbc3000 	/System/Library/PrivateFrameworks/APFS.framework/Versions/A/APFS
0x000000000dbc3000 	/usr/lib/libutil.dylib
0x000000000dbc3000 	/System/Library/PrivateFrameworks/AppleSauce.framework/Versions/A/AppleSauce
0x000000000dbc3000 	/System/Library/PrivateFrameworks/LinguisticData.framework/Versions/A/LinguisticData
0x000000000dbc3000 	/usr/lib/libmarisa.dylib
0x000000000dbc3000 	/System/Library/PrivateFrameworks/Lexicon.framework/Versions/A/Lexicon
0x000000000dbc3000 	/usr/lib/libChineseTokenizer.dylib
0x000000000dbc3000 	/usr/lib/libcmph.dylib
0x000000000dbc3000 	/System/Library/PrivateFrameworks/LanguageModeling.framework/Versions/A/LanguageModeling
0x000000000dbc3000 	/System/Library/PrivateFrameworks/CoreEmoji.framework/Versions/A/CoreEmoji
0x000000000dbc3000 	/System/Library/Frameworks/ServiceManagement.framework/Versions/A/ServiceManagement
0x000000000dbc3000 	/System/Library/PrivateFrameworks/BackgroundTaskManagement.framework/Versions/A/BackgroundTaskManagement
0x000000000dbc3000 	/usr/lib/libxslt.1.dylib
0x000000000dbc3000 	/System/Library/Frameworks/Carbon.framework/Versions/A/Frameworks/Ink.framework/Versions/A/Ink
0x000000000dbc3000 	/System/Library/PrivateFrameworks/TextureIO.framework/Versions/A/TextureIO
0x000000000dbc3000 	/usr/lib/libate.dylib
0x000000000dbc3000 	/System/Library/PrivateFrameworks/CrashReporterSupport.framework/Versions/A/CrashReporterSupport
0x000000000dbc3000 	/System/Library/PrivateFrameworks/Sharing.framework/Versions/A/Sharing
0x000000000dbc3000 	/System/Library/PrivateFrameworks/IconServices.framework/Versions/A/IconServices
0x000000000dbc3000 	/System/Library/PrivateFrameworks/Apple80211.framework/Versions/A/Apple80211
0x000000000dbc3000 	/System/Library/PrivateFrameworks/CoreUtils.framework/Versions/A/CoreUtils
0x000000000dbc3000 	/System/Library/Frameworks/CoreWLAN.framework/Versions/A/CoreWLAN
0x000000000dbc3000 	/System/Library/Frameworks/IOBluetooth.framework/Versions/A/IOBluetooth
0x000000000dbc3000 	/System/Library/PrivateFrameworks/ProtocolBuffer.framework/Versions/A/ProtocolBuffer
0x000000000dbc3000 	/System/Library/PrivateFrameworks/CoreWiFi.framework/Versions/A/CoreWiFi
0x000000000dbc3000 	/System/Library/Frameworks/CoreBluetooth.framework/Versions/A/CoreBluetooth
0x000000000dbc3000 	/System/Library/PrivateFrameworks/DebugSymbols.framework/Versions/A/DebugSymbols
0x000000000dbc3000 	/System/Library/PrivateFrameworks/CoreSymbolication.framework/Versions/A/CoreSymbolication
0x000000000dbc3000 	/System/Library/PrivateFrameworks/Symbolication.framework/Versions/A/Symbolication
0x000000000dbc3000 	/System/Library/PrivateFrameworks/AppleFSCompression.framework/Versions/A/AppleFSCompression
0x000000000dbc3000 	/System/Library/PrivateFrameworks/SpeechRecognitionCore.framework/Versions/A/SpeechRecognitionCore
0x0000000109c00000 	/Applications/Android Studio.app/Contents/jre/jdk/Contents/Home/jre/lib/server/libjvm.dylib
0x000000000dbc3000 	/usr/lib/libstdc++.6.0.9.dylib
0x0000000108bd1000 	/Applications/Android Studio.app/Contents/jre/jdk/Contents/Home/jre/lib/libverify.dylib
0x000000010a666000 	/Applications/Android Studio.app/Contents/jre/jdk/Contents/Home/jre/lib/libjava.dylib
0x0000000108be7000 	/Applications/Android Studio.app/Contents/jre/jdk/Contents/Home/jre/lib/libzip.dylib
0x0000000112afa000 	/Applications/Android Studio.app/Contents/jre/jdk/Contents/Home/jre/lib/libnet.dylib
0x0000000112b11000 	/Applications/Android Studio.app/Contents/jre/jdk/Contents/Home/jre/lib/libnio.dylib
0x0000000112b21000 	/Users/ionvaranita/.gradle/native/25/osx-amd64/libnative-platform.dylib
0x0000000112e93000 	/Applications/Android Studio.app/Contents/jre/jdk/Contents/Home/jre/lib/libmanagement.dylib

VM Arguments:
jvm_args: -Xmx1536m -Dfile.encoding=UTF-8 -Duser.country=IT -Duser.language=it -Duser.variant 
java_command: org.gradle.launcher.daemon.bootstrap.GradleDaemon 4.1
java_class_path (initial): /Users/ionvaranita/.gradle/wrapper/dists/gradle-4.1-all/bzyivzo6n839fup2jbap0tjew/gradle-4.1/lib/gradle-launcher-4.1.jar
Launcher Type: SUN_STANDARD

Environment Variables:
PATH=/usr/bin:/bin:/usr/sbin:/sbin
SHELL=/bin/bash

Signal Handlers:
SIGSEGV: [libjvm.dylib+0x53e133], sa_mask[0]=11111111011111110111111111111111, sa_flags=SA_ONSTACK|SA_RESTART|SA_SIGINFO
SIGBUS: [libjvm.dylib+0x53e133], sa_mask[0]=11111111011111110111111111111111, sa_flags=SA_RESTART|SA_SIGINFO
SIGFPE: [libjvm.dylib+0x4369af], sa_mask[0]=11111111011111110111111111111111, sa_flags=SA_RESTART|SA_SIGINFO
SIGPIPE: [libjvm.dylib+0x4369af], sa_mask[0]=11111111011111110111111111111111, sa_flags=SA_RESTART|SA_SIGINFO
SIGXFSZ: [libjvm.dylib+0x4369af], sa_mask[0]=11111111011111110111111111111111, sa_flags=SA_RESTART|SA_SIGINFO
SIGILL: [libjvm.dylib+0x4369af], sa_mask[0]=11111111011111110111111111111111, sa_flags=SA_RESTART|SA_SIGINFO
SIGUSR1: SIG_DFL, sa_mask[0]=00000000000000000000000000000000, sa_flags=none
SIGUSR2: [libjvm.dylib+0x4372d4], sa_mask[0]=00100000000000000000000000000000, sa_flags=SA_RESTART|SA_SIGINFO
SIGHUP: [libjvm.dylib+0x4354c9], sa_mask[0]=11111111011111110111111111111111, sa_flags=SA_RESTART|SA_SIGINFO
SIGINT: [libjvm.dylib+0x4354c9], sa_mask[0]=11111111011111110111111111111111, sa_flags=SA_RESTART|SA_SIGINFO
SIGTERM: [libjvm.dylib+0x4354c9], sa_mask[0]=11111111011111110111111111111111, sa_flags=SA_RESTART|SA_SIGINFO
SIGQUIT: [libjvm.dylib+0x4354c9], sa_mask[0]=11111111011111110111111111111111, sa_flags=SA_RESTART|SA_SIGINFO


---------------  S Y S T E M  ---------------

OS:Bsduname:Darwin 17.5.0 Darwin Kernel Version 17.5.0: Mon Mar  5 22:24:32 PST 2018; root:xnu-4570.51.1~1/RELEASE_X86_64 x86_64
rlimit: STACK 8192k, CORE 0k, NPROC 1418, NOFILE 10240, AS infinity
load average:3.86 5.05 3.09

CPU:total 8 (initial active 8) (4 cores per cpu, 2 threads per core) family 6 model 42 stepping 7, cmov, cx8, fxsr, mmx, sse, sse2, sse3, ssse3, sse4.1, sse4.2, popcnt, avx, aes, clmul, ht, tsc, tscinvbit

Memory: 4k page, physical 16777216k(1253384k free)

/proc/meminfo:


vm_info: OpenJDK 64-Bit Server VM (25.152-b08) for bsd-amd64 JRE (1.8.0_152-release-915-b08), built by "builder" with gcc 4.2.1 Compatible Apple LLVM 8.1.0 (clang-802.0.42)

time: Tue Apr 17 17:18:07 2018
elapsed time: 3 seconds (0d 0h 0m 3s)

